SF:lib\views\login_view.dart
DA:5,1
DA:8,1
DA:10,1
DA:11,1
DA:17,0
DA:18,0
DA:19,0
DA:20,0
DA:24,1
DA:26,1
DA:27,1
DA:28,1
DA:29,1
DA:30,1
DA:32,1
DA:33,1
DA:34,1
DA:35,1
DA:36,1
DA:37,1
DA:39,1
DA:40,2
DA:41,3
DA:45,2
DA:51,1
DA:53,1
DA:54,1
DA:55,2
DA:59,1
DA:60,1
DA:61,1
DA:62,2
DA:63,1
DA:64,2
DA:68,3
LF:35
LH:31
end_of_record
SF:lib\components\login_form.dart
DA:6,1
DA:8,1
DA:9,1
DA:16,1
DA:18,1
DA:19,1
DA:20,1
DA:21,1
DA:22,1
DA:24,0
DA:25,0
DA:26,0
DA:34,1
DA:36,0
DA:37,0
DA:42,2
DA:44,1
DA:46,0
DA:47,0
DA:48,0
DA:49,0
DA:50,0
DA:55,1
LF:23
LH:13
end_of_record
SF:lib\utils\validate_email.dart
DA:1,0
DA:4,0
DA:5,0
LF:3
LH:0
end_of_record
SF:lib\components\register_form.dart
DA:7,1
DA:9,0
DA:10,0
DA:16,0
DA:17,0
DA:18,0
DA:19,0
DA:24,0
DA:26,0
DA:27,0
DA:28,0
DA:29,0
DA:30,0
DA:33,0
DA:34,0
DA:38,0
DA:41,0
DA:42,0
DA:46,0
DA:53,0
DA:55,0
DA:56,0
DA:60,0
DA:63,0
DA:64,0
DA:65,0
DA:69,0
DA:71,0
DA:73,0
LF:29
LH:1
end_of_record
